<?xml version="1.0" encoding="UTF-8"?>
<!-- Generated by org.testng.reporters.JUnitXMLReporter -->
<testsuite hostname="LAPTOP-OU2JIO6I" ignored="0" name="Test" tests="1" failures="1" timestamp="11 Sep 2017 17:50:30 GMT" time="11.488" errors="0">
  <testcase name="f" time="0.075" classname="com.mercury.tests.WindowsSwitchTest">
    <failure type="java.lang.NullPointerException">
      <![CDATA[java.lang.NullPointerException
	at com.mercury.pages.WindowsSwitchPage.windowHandle(WindowsSwitchPage.java:30)
	at com.mercury.tests.WindowsSwitchTest.f(WindowsSwitchTest.java:14)
... Removed 25 stack frames]]>
    </failure>
  </testcase> <!-- f -->
</testsuite> <!-- Test -->
