<?xml version="1.0" encoding="UTF-8"?>
<testng-results skipped="0" failed="0" total="1" passed="1">
  <reporter-output>
  </reporter-output>
  <suite name="Suite" duration-ms="71082" started-at="2017-08-31T02:48:18Z" finished-at="2017-08-31T02:49:29Z">
    <groups>
    </groups>
    <test name="Test" duration-ms="71082" started-at="2017-08-31T02:48:18Z" finished-at="2017-08-31T02:49:29Z">
      <class name="com.mercury.tests.MercurySignInTest">
        <test-method status="PASS" signature="beforeMethod(java.lang.String)[pri:0, instance:com.mercury.tests.MercurySignInTest@eafc191]" name="beforeMethod" is-config="true" duration-ms="62220" started-at="2017-08-31T08:18:18Z" finished-at="2017-08-31T08:19:21Z">
          <params>
            <param index="0">
              <value>
                <![CDATA[ie]]>
              </value>
            </param>
          </params>
          <reporter-output>
          </reporter-output>
        </test-method> <!-- beforeMethod -->
        <test-method status="PASS" signature="tc001_login()[pri:0, instance:com.mercury.tests.MercurySignInTest@eafc191]" name="tc001_login" duration-ms="8824" started-at="2017-08-31T08:19:21Z" finished-at="2017-08-31T08:19:29Z">
          <reporter-output>
          </reporter-output>
        </test-method> <!-- tc001_login -->
      </class> <!-- com.mercury.tests.MercurySignInTest -->
    </test> <!-- Test -->
  </suite> <!-- Suite -->
</testng-results>
