<?xml version="1.0" encoding="UTF-8"?>
<testng-results skipped="0" failed="0" ignored="0" total="1" passed="1">
  <reporter-output>
  </reporter-output>
  <suite name="Default suite" duration-ms="18173" started-at="2017-09-12T03:17:37Z" finished-at="2017-09-12T03:17:55Z">
    <groups>
    </groups>
    <test name="Default test" duration-ms="18173" started-at="2017-09-12T03:17:37Z" finished-at="2017-09-12T03:17:55Z">
      <class name="com.mercury.tests.MultiSelectWithCntrlTest">
        <test-method status="PASS" signature="beforeMethod(java.lang.String)[pri:0, instance:com.mercury.tests.MultiSelectWithCntrlTest@314c508a]" name="beforeMethod" is-config="true" duration-ms="14060" started-at="2017-09-12T08:47:37Z" finished-at="2017-09-12T08:47:51Z">
          <params>
            <param index="0">
              <value>
                <![CDATA[firefox]]>
              </value>
            </param>
          </params>
          <reporter-output>
          </reporter-output>
        </test-method> <!-- beforeMethod -->
        <test-method status="PASS" signature="f()[pri:0, instance:com.mercury.tests.MultiSelectWithCntrlTest@314c508a]" name="f" duration-ms="4073" started-at="2017-09-12T08:47:51Z" finished-at="2017-09-12T08:47:55Z">
          <reporter-output>
          </reporter-output>
        </test-method> <!-- f -->
      </class> <!-- com.mercury.tests.MultiSelectWithCntrlTest -->
    </test> <!-- Default test -->
  </suite> <!-- Default suite -->
</testng-results>
